<?xml version="1.0" encoding="UTF-8"?>
<!-- Generated by org.testng.reporters.JUnitReportReporter -->
<testsuite hostname="GANESH" failures="0" tests="1" name="tests.TS_001_SignUpTest" time="12.392" errors="0" timestamp="2024-12-29T07:34:06 IST" skipped="0">
  <testcase classname="tests.TS_001_SignUpTest" name="SignUpToContactList" time="12.392"/>
</testsuite> <!-- tests.TS_001_SignUpTest -->
