<?xml version="1.0" encoding="UTF-8"?>
<!-- Generated by org.testng.reporters.JUnitReportReporter -->
<testsuite hostname="GANESH" failures="0" tests="1" name="tests.TS_003_ContactAdditionTest" time="30.842" errors="0" timestamp="2024-12-29T07:34:06 IST" skipped="0">
  <testcase classname="tests.TS_003_ContactAdditionTest" name="addContact" time="30.842"/>
</testsuite> <!-- tests.TS_003_ContactAdditionTest -->
